\BOOKMARK [0][-]{section*.5}{Introduction}{}% 1
\BOOKMARK [0][-]{chapter.1}{An Important Chapter}{}% 2
\BOOKMARK [1][-]{section.1.1}{Introduction and Motivations}{chapter.1}% 3
\BOOKMARK [0][-]{chapter.2}{Generalised Calibrations in AdS backgrounds}{}% 4
\BOOKMARK [1][-]{section.2.1}{Introduction and Motivations}{chapter.2}% 5
\BOOKMARK [1][-]{section.2.2}{Generalised calibrations in M-theory}{chapter.2}% 6
\BOOKMARK [2][-]{subsection.2.2.1}{Calibration on AdS5 x M6}{section.2.2}% 7
\BOOKMARK [2][-]{subsection.2.2.2}{Calibrations on AdS4 x M7}{section.2.2}% 8
\BOOKMARK [1][-]{section.2.3}{Supersymmetric branes in type IIB}{chapter.2}% 9
\BOOKMARK [0][-]{chapter.3}{Flux Compactifications}{}% 10
\BOOKMARK [1][-]{section.3.1}{Introduction and motivations}{chapter.3}% 11
\BOOKMARK [1][-]{section.3.2}{Supergravity theories}{chapter.3}% 12
\BOOKMARK [2][-]{subsection.3.2.1}{Eleven-dimensional supergravity}{section.3.2}% 13
\BOOKMARK [2][-]{subsection.3.2.2}{Type II theories}{section.3.2}% 14
\BOOKMARK [1][-]{section.3.3}{Supersymmetric backgrounds and compactifications}{chapter.3}% 15
\BOOKMARK [2][-]{subsection.3.3.1}{Calabi-Yau backgrounds in type II}{section.3.3}% 16
\BOOKMARK [2][-]{subsection.3.3.2}{Backgrounds with fluxes in type II}{section.3.3}% 17
\BOOKMARK [0][-]{chapter.4}{Generalising the geometry}{}% 18
\BOOKMARK [1][-]{section.4.1}{Introduction and motivations}{chapter.4}% 19
\BOOKMARK [1][-]{section.4.2}{Generalised complex geometry}{chapter.4}% 20
\BOOKMARK [2][-]{subsection.4.2.1}{The generalised frame bundle}{section.4.2}% 21
\BOOKMARK [2][-]{subsection.4.2.2}{Generalised metric}{section.4.2}% 22
\BOOKMARK [2][-]{subsection.4.2.3}{Generalised almost complex structure}{section.4.2}% 23
\BOOKMARK [2][-]{subsection.4.2.4}{Dorfman derivative and Courant bracket}{section.4.2}% 24
\BOOKMARK [2][-]{subsection.4.2.5}{Generalised geometry and compactifications}{section.4.2}% 25
\BOOKMARK [1][-]{section.4.3}{Exceptional generalised geometry}{chapter.4}% 26
\BOOKMARK [2][-]{subsection.4.3.1}{M-theory}{section.4.3}% 27
\BOOKMARK [2][-]{subsection.4.3.2}{Type IIA}{section.4.3}% 28
\BOOKMARK [2][-]{subsection.4.3.3}{Type IIB}{section.4.3}% 29
\BOOKMARK [2][-]{subsection.4.3.4}{Generalised metric}{section.4.3}% 30
\BOOKMARK [2][-]{subsection.4.3.5}{Generalised parallelisation}{section.4.3}% 31
\BOOKMARK [2][-]{subsection.4.3.6}{Generalised HV structures}{section.4.3}% 32
\BOOKMARK [0][-]{section*.13}{Conclusions}{}% 33
\BOOKMARK [0][-]{appendix.A}{Very important appendix}{}% 34
\BOOKMARK [1][-]{section.A.1}{Very important section}{appendix.A}% 35
\BOOKMARK [0][-]{appendix.B}{An even more important appendix}{}% 36
\BOOKMARK [1][-]{section.B.1}{An even more important section}{appendix.B}% 37
\BOOKMARK [0][-]{appendix.C}{The most important appendix}{}% 38
\BOOKMARK [1][-]{section.C.1}{The most important section}{appendix.C}% 39
\BOOKMARK [2][-]{subsection.C.1.1}{The most important subsection}{section.C.1}% 40
\BOOKMARK [1][-]{section.C.2}{The second most important section}{appendix.C}% 41
\BOOKMARK [2][-]{subsection.C.2.1}{The second most important subsection}{section.C.2}% 42
\BOOKMARK [2][-]{subsection.C.2.2}{The almost important subsection}{section.C.2}% 43
\BOOKMARK [2][-]{subsection.C.2.3}{The not so important subsection}{section.C.2}% 44
\BOOKMARK [2][-]{subsection.C.2.4}{Another subsection}{section.C.2}% 45
\BOOKMARK [0][-]{section*.15}{Bibliography}{}% 46
\BOOKMARK [0][-]{section*.17}{List of Figures}{}% 47
